7:45:22 PM
Executing (default): SELECT 1+1 AS result
7:45:22 PM
Executing (default): SELECT 1+1 AS result
7:45:22 PM
Executing (default): CREATE TABLE IF NOT EXISTS `SequelizeMeta` (`name` VARCHAR(255) NOT NULL UNIQUE , PRIMARY KEY (`name`)) ENGINE=InnoDB DEFAULT CHARSET=utf8 COLLATE utf8_unicode_ci;
7:45:22 PM
Executing (default): SHOW INDEX FROM `SequelizeMeta`
7:45:22 PM
Executing (default): SELECT `name` FROM `SequelizeMeta` AS `SequelizeMeta` ORDER BY `SequelizeMeta`.`name` ASC;
7:47:06 PM
Executing (default): SELECT 1+1 AS result
7:47:06 PM
Executing (default): SELECT 1+1 AS result
7:47:06 PM
Executing (default): CREATE TABLE IF NOT EXISTS `SequelizeMeta` (`name` VARCHAR(255) NOT NULL UNIQUE , PRIMARY KEY (`name`)) ENGINE=InnoDB DEFAULT CHARSET=utf8 COLLATE utf8_unicode_ci;
7:47:06 PM
Executing (default): SHOW INDEX FROM `SequelizeMeta`
7:47:06 PM
Executing (default): SELECT `name` FROM `SequelizeMeta` AS `SequelizeMeta` ORDER BY `SequelizeMeta`.`name` ASC;
7:49:37 PM
Executing (default): SELECT 1+1 AS result
7:49:37 PM
Executing (default): SELECT 1+1 AS result
7:49:37 PM
Executing (default): CREATE TABLE IF NOT EXISTS `SequelizeMeta` (`name` VARCHAR(255) NOT NULL UNIQUE , PRIMARY KEY (`name`)) ENGINE=InnoDB DEFAULT CHARSET=utf8 COLLATE utf8_unicode_ci;
7:49:37 PM
Executing (default): SHOW INDEX FROM `SequelizeMeta`
7:49:37 PM
Executing (default): SELECT `name` FROM `SequelizeMeta` AS `SequelizeMeta` ORDER BY `SequelizeMeta`.`name` ASC;
8:19:07 PM
Executing (default): SELECT 1+1 AS result
8:19:07 PM
Executing (default): SELECT 1+1 AS result
8:19:07 PM
Executing (default): CREATE TABLE IF NOT EXISTS `SequelizeMeta` (`name` VARCHAR(255) NOT NULL UNIQUE , PRIMARY KEY (`name`)) ENGINE=InnoDB DEFAULT CHARSET=utf8 COLLATE utf8_unicode_ci;
8:19:07 PM
Executing (default): SHOW INDEX FROM `SequelizeMeta`
8:19:07 PM
Executing (default): SELECT `name` FROM `SequelizeMeta` AS `SequelizeMeta` ORDER BY `SequelizeMeta`.`name` ASC;
8:42:43 PM
Executing (default): SELECT 1+1 AS result
8:42:43 PM
Executing (default): SELECT 1+1 AS result
8:42:43 PM
Executing (default): CREATE TABLE IF NOT EXISTS `SequelizeMeta` (`name` VARCHAR(255) NOT NULL UNIQUE , PRIMARY KEY (`name`)) ENGINE=InnoDB DEFAULT CHARSET=utf8 COLLATE utf8_unicode_ci;
8:42:43 PM
Executing (default): SHOW INDEX FROM `SequelizeMeta`
8:42:43 PM
Executing (default): SELECT `name` FROM `SequelizeMeta` AS `SequelizeMeta` ORDER BY `SequelizeMeta`.`name` ASC;
8:44:09 PM
Executing (default): SELECT 1+1 AS result
8:44:09 PM
Executing (default): SELECT 1+1 AS result
8:44:09 PM
Executing (default): CREATE TABLE IF NOT EXISTS `SequelizeMeta` (`name` VARCHAR(255) NOT NULL UNIQUE , PRIMARY KEY (`name`)) ENGINE=InnoDB DEFAULT CHARSET=utf8 COLLATE utf8_unicode_ci;
8:44:09 PM
Executing (default): SHOW INDEX FROM `SequelizeMeta`
8:44:09 PM
Executing (default): SELECT `name` FROM `SequelizeMeta` AS `SequelizeMeta` ORDER BY `SequelizeMeta`.`name` ASC;
8:57:29 PM
Executing (default): SELECT 1+1 AS result
8:57:29 PM
Executing (default): SELECT 1+1 AS result
8:57:29 PM
Executing (default): CREATE TABLE IF NOT EXISTS `SequelizeMeta` (`name` VARCHAR(255) NOT NULL UNIQUE , PRIMARY KEY (`name`)) ENGINE=InnoDB DEFAULT CHARSET=utf8 COLLATE utf8_unicode_ci;
8:57:29 PM
Executing (default): SHOW INDEX FROM `SequelizeMeta`
8:57:29 PM
Executing (default): SELECT `name` FROM `SequelizeMeta` AS `SequelizeMeta` ORDER BY `SequelizeMeta`.`name` ASC;
8:58:56 PM
Executing (default): SELECT 1+1 AS result
8:58:56 PM
Executing (default): SELECT 1+1 AS result
8:58:56 PM
Executing (default): CREATE TABLE IF NOT EXISTS `SequelizeMeta` (`name` VARCHAR(255) NOT NULL UNIQUE , PRIMARY KEY (`name`)) ENGINE=InnoDB DEFAULT CHARSET=utf8 COLLATE utf8_unicode_ci;
8:58:56 PM
Executing (default): SHOW INDEX FROM `SequelizeMeta`
8:58:56 PM
Executing (default): SELECT `name` FROM `SequelizeMeta` AS `SequelizeMeta` ORDER BY `SequelizeMeta`.`name` ASC;
8:59:46 PM
Executing (default): SELECT 1+1 AS result
8:59:46 PM
Executing (default): SELECT 1+1 AS result
8:59:46 PM
Executing (default): CREATE TABLE IF NOT EXISTS `SequelizeMeta` (`name` VARCHAR(255) NOT NULL UNIQUE , PRIMARY KEY (`name`)) ENGINE=InnoDB DEFAULT CHARSET=utf8 COLLATE utf8_unicode_ci;
8:59:46 PM
Executing (default): SHOW INDEX FROM `SequelizeMeta`
8:59:46 PM
Executing (default): SELECT `name` FROM `SequelizeMeta` AS `SequelizeMeta` ORDER BY `SequelizeMeta`.`name` ASC;
