11:51:51 AM
Executing (default): SELECT 1+1 AS result
11:51:51 AM
Executing (default): SELECT 1+1 AS result
11:52:21 AM
Executing (default): SELECT 1+1 AS result
11:52:21 AM
Executing (default): SELECT 1+1 AS result
11:52:21 AM
Executing (default): CREATE TABLE IF NOT EXISTS `SequelizeMeta` (`name` VARCHAR(255) NOT NULL UNIQUE , PRIMARY KEY (`name`)) ENGINE=InnoDB DEFAULT CHARSET=utf8 COLLATE utf8_unicode_ci;
11:52:22 AM
Executing (default): SHOW INDEX FROM `SequelizeMeta`
11:52:22 AM
Executing (default): SELECT `name` FROM `SequelizeMeta` AS `SequelizeMeta` ORDER BY `SequelizeMeta`.`name` ASC;
11:53:18 AM
Executing (default): SELECT 1+1 AS result
11:53:18 AM
Executing (default): SELECT 1+1 AS result
11:53:18 AM
Executing (default): CREATE TABLE IF NOT EXISTS `SequelizeMeta` (`name` VARCHAR(255) NOT NULL UNIQUE , PRIMARY KEY (`name`)) ENGINE=InnoDB DEFAULT CHARSET=utf8 COLLATE utf8_unicode_ci;
11:53:18 AM
Executing (default): SHOW INDEX FROM `SequelizeMeta`
11:53:18 AM
Executing (default): SELECT `name` FROM `SequelizeMeta` AS `SequelizeMeta` ORDER BY `SequelizeMeta`.`name` ASC;
12:01:32 PM
Executing (default): SELECT 1+1 AS result
12:01:32 PM
Executing (default): SELECT 1+1 AS result
12:01:32 PM
Executing (default): CREATE TABLE IF NOT EXISTS `SequelizeMeta` (`name` VARCHAR(255) NOT NULL UNIQUE , PRIMARY KEY (`name`)) ENGINE=InnoDB DEFAULT CHARSET=utf8 COLLATE utf8_unicode_ci;
12:01:32 PM
Executing (default): SHOW INDEX FROM `SequelizeMeta`
12:01:32 PM
Executing (default): SELECT `name` FROM `SequelizeMeta` AS `SequelizeMeta` ORDER BY `SequelizeMeta`.`name` ASC;
12:02:20 PM
Executing (default): SELECT 1+1 AS result
12:02:20 PM
Executing (default): SELECT 1+1 AS result
12:02:20 PM
Executing (default): CREATE TABLE IF NOT EXISTS `SequelizeMeta` (`name` VARCHAR(255) NOT NULL UNIQUE , PRIMARY KEY (`name`)) ENGINE=InnoDB DEFAULT CHARSET=utf8 COLLATE utf8_unicode_ci;
12:02:20 PM
Executing (default): SHOW INDEX FROM `SequelizeMeta`
12:02:20 PM
Executing (default): SELECT `name` FROM `SequelizeMeta` AS `SequelizeMeta` ORDER BY `SequelizeMeta`.`name` ASC;
12:05:46 PM
Executing (default): SELECT 1+1 AS result
12:05:46 PM
Executing (default): SELECT 1+1 AS result
12:05:46 PM
Executing (default): CREATE TABLE IF NOT EXISTS `SequelizeMeta` (`name` VARCHAR(255) NOT NULL UNIQUE , PRIMARY KEY (`name`)) ENGINE=InnoDB DEFAULT CHARSET=utf8 COLLATE utf8_unicode_ci;
12:05:46 PM
Executing (default): SHOW INDEX FROM `SequelizeMeta`
12:05:46 PM
Executing (default): SELECT `name` FROM `SequelizeMeta` AS `SequelizeMeta` ORDER BY `SequelizeMeta`.`name` ASC;
12:09:33 PM
Executing (default): SELECT 1+1 AS result
12:09:33 PM
Executing (default): SELECT 1+1 AS result
12:09:33 PM
Executing (default): CREATE TABLE IF NOT EXISTS `SequelizeMeta` (`name` VARCHAR(255) NOT NULL UNIQUE , PRIMARY KEY (`name`)) ENGINE=InnoDB DEFAULT CHARSET=utf8 COLLATE utf8_unicode_ci;
12:09:33 PM
Executing (default): SHOW INDEX FROM `SequelizeMeta`
12:09:33 PM
Executing (default): SELECT `name` FROM `SequelizeMeta` AS `SequelizeMeta` ORDER BY `SequelizeMeta`.`name` ASC;
