5:19:05 PM
Executing (default): SELECT 1+1 AS result
5:19:05 PM
Executing (default): CREATE TABLE IF NOT EXISTS `SequelizeMeta` (`name` VARCHAR(255) NOT NULL UNIQUE , PRIMARY KEY (`name`)) ENGINE=InnoDB DEFAULT CHARSET=utf8 COLLATE utf8_unicode_ci;
5:19:05 PM
Executing (default): CREATE TABLE IF NOT EXISTS `SequelizeMeta` (`name` VARCHAR(255) NOT NULL UNIQUE , PRIMARY KEY (`name`)) ENGINE=InnoDB DEFAULT CHARSET=utf8 COLLATE utf8_unicode_ci;
5:19:05 PM
Executing (default): SHOW INDEX FROM `SequelizeMeta`
5:19:05 PM
Executing (default): SHOW INDEX FROM `SequelizeMeta`
5:19:05 PM
Executing (default): SELECT `name` FROM `SequelizeMeta` AS `SequelizeMeta` ORDER BY `SequelizeMeta`.`name` ASC;
5:27:02 PM
Executing (default): SELECT 1+1 AS result
5:27:02 PM
Executing (default): CREATE TABLE IF NOT EXISTS `SequelizeMeta` (`name` VARCHAR(255) NOT NULL UNIQUE , PRIMARY KEY (`name`)) ENGINE=InnoDB DEFAULT CHARSET=utf8 COLLATE utf8_unicode_ci;
5:27:02 PM
Executing (default): CREATE TABLE IF NOT EXISTS `SequelizeMeta` (`name` VARCHAR(255) NOT NULL UNIQUE , PRIMARY KEY (`name`)) ENGINE=InnoDB DEFAULT CHARSET=utf8 COLLATE utf8_unicode_ci;
5:27:02 PM
Executing (default): SHOW INDEX FROM `SequelizeMeta`
5:27:02 PM
Executing (default): SHOW INDEX FROM `SequelizeMeta`
5:27:02 PM
Executing (default): SELECT `name` FROM `SequelizeMeta` AS `SequelizeMeta` ORDER BY `SequelizeMeta`.`name` ASC;
5:31:47 PM
Executing (default): SELECT 1+1 AS result
5:31:47 PM
Executing (default): CREATE TABLE IF NOT EXISTS `SequelizeMeta` (`name` VARCHAR(255) NOT NULL UNIQUE , PRIMARY KEY (`name`)) ENGINE=InnoDB DEFAULT CHARSET=utf8 COLLATE utf8_unicode_ci;
5:31:47 PM
Executing (default): CREATE TABLE IF NOT EXISTS `SequelizeMeta` (`name` VARCHAR(255) NOT NULL UNIQUE , PRIMARY KEY (`name`)) ENGINE=InnoDB DEFAULT CHARSET=utf8 COLLATE utf8_unicode_ci;
5:31:47 PM
Executing (default): SHOW INDEX FROM `SequelizeMeta`
5:31:47 PM
Executing (default): SHOW INDEX FROM `SequelizeMeta`
5:31:47 PM
Executing (default): SELECT `name` FROM `SequelizeMeta` AS `SequelizeMeta` ORDER BY `SequelizeMeta`.`name` ASC;
11:36:28 PM
Executing (default): SELECT 1+1 AS result
11:36:28 PM
Executing (default): SELECT 1+1 AS result
12:07:38 AM
Executing (default): SELECT 1+1 AS result
12:07:38 AM
Executing (default): SELECT 1+1 AS result
12:10:44 AM
Executing (default): SELECT 1+1 AS result
12:10:44 AM
Executing (default): SELECT 1+1 AS result
